<?xml version="1.0" encoding="UTF-8" ?>
<testsuite failures="1" time="0.021" errors="0" skipped="0" tests="3" name="itb.stei.rpl.ppl.helloworld.FungsiTest">
  <properties>
[...]
</properties>
  <testcase time="0.008" classname="itb.stei.rpl.ppl.helloworld.FungsiTest" name="testKali2"/>
  <testcase time="0" classname="itb.stei.rpl.ppl.helloworld.FungsiTest" name="testKali"/>
  <testcase time="0.004" classname="itb.stei.rpl.ppl.helloworld.FungsiTest" name="testKali3">
    <failure message="expected:&lt;6&gt; but was:&lt;9&gt;" type="junit.framework.AssertionFailedError">junit.framework.AssertionFailedError: expected:&lt;6&gt; but was:&lt;9&gt;
	at junit.framework.Assert.fail(Assert.java:47)
	at junit.framework.Assert.failNotEquals(Assert.java:282)
	at junit.framework.Assert.assertEquals(Assert.java:64)
	at junit.framework.Assert.assertEquals(Assert.java:201)
	at junit.framework.Assert.assertEquals(Assert.java:207)
	at itb.stei.rpl.ppl.helloworld.FungsiTest.testKali3(FungsiTest.java:57)
</failure>
  </testcase>
</testsuite>